#
# An unexpected error has been detected by Java Runtime Environment:
#
#  EXCEPTION_ACCESS_VIOLATION (0xc0000005) at pc=0x0517338f, pid=2956, tid=4460
#
# Java VM: Java HotSpot(TM) Client VM (10.0-b19 mixed mode, sharing windows-x86)
# Problematic frame:
# C  [grfinger.dll+0x338f]
#
# If you would like to submit a bug report, please visit:
#   http://java.sun.com/webapps/bugreport/crash.jsp
#

---------------  T H R E A D  ---------------

Current thread (0x02a9cc00):  VMThread [stack: 0x02b80000,0x02bd0000] [id=4460]

siginfo: ExceptionCode=0xc0000005, reading address 0x037efd1c

Registers:
EAX=0x02bcfa4c, EBX=0x00000001, ECX=0x037efd18, EDX=0x7c981feb
ESP=0x02bcf9f8, EBP=0x02bcfa5c, ESI=0x037efd18, EDI=0x00000000
EIP=0x0517338f, EFLAGS=0x00010216

Top of Stack: (sp=0x02bcf9f8)
0x02bcf9f8:   037efd18 00000000 037efd18 02bcfa4c
0x02bcfa08:   0521e218 ffffffff 05171a72 05171a60
0x02bcfa18:   1000120a 00000000 10001a07 10002d07
0x02bcfa28:   10000000 00000000 00000001 00000000
0x02bcfa38:   02bcfa70 001a35b8 00000001 02bcfa34
0x02bcfa48:   02bcf61c 02bcfaf0 10004024 100083b8
0x02bcfa58:   00000000 02bcfa7c 7c9111a7 10000000
0x02bcfa68:   00000000 00000001 001a35b8 00000000 

Instructions: (pc=0x0517338f)
0x0517337f:   89 25 00 00 00 00 83 ec 08 56 8b f1 89 74 24 08
0x0517338f:   8b 4e 04 8b 01 3b c1 c7 44 24 14 00 00 00 00 89 


Stack: [0x02b80000,0x02bd0000],  sp=0x02bcf9f8,  free space=318k
Native frames: (J=compiled Java code, j=interpreted, Vv=VM code, C=native code)
C  [grfinger.dll+0x338f]
C  [ntdll.dll+0x11a7]
C  [ntdll.dll+0x23f31]
C  [kernel32.dll+0x1ca3e]
C  [kernel32.dll+0x1cab6]
C  [msvcr71.dll+0x8d04]

VM_Operation (0x0361f558): Exit, mode: safepoint, requested by thread 0x031f8400


---------------  P R O C E S S  ---------------

Java Threads: ( => current thread )
  0x002e6800 JavaThread "DestroyJavaVM" [_thread_blocked, id=3652, stack(0x008d0000,0x00920000)]
  0x03290c00 JavaThread "Thread-2" [_thread_blocked, id=4528, stack(0x037f0000,0x03840000)]
  0x031f8400 JavaThread "AWT-EventQueue-0" [_thread_blocked, id=4512, stack(0x035d0000,0x03620000)]
  0x02e7a400 JavaThread "AWT-Shutdown" [_thread_blocked, id=4396, stack(0x030c0000,0x03110000)]
  0x02e79400 JavaThread "Java2D Disposer" daemon [_thread_blocked, id=4800, stack(0x03070000,0x030c0000)]
  0x02aec400 JavaThread "Low Memory Detector" daemon [_thread_blocked, id=4876, stack(0x02d60000,0x02db0000)]
  0x02ae1c00 JavaThread "CompilerThread0" daemon [_thread_blocked, id=4496, stack(0x02d10000,0x02d60000)]
  0x02ae0800 JavaThread "Attach Listener" daemon [_thread_blocked, id=4492, stack(0x02cc0000,0x02d10000)]
  0x02adfc00 JavaThread "Signal Dispatcher" daemon [_thread_blocked, id=4488, stack(0x02c70000,0x02cc0000)]
  0x02aa2400 JavaThread "Finalizer" daemon [_thread_blocked, id=4468, stack(0x02c20000,0x02c70000)]
  0x02a9e000 JavaThread "Reference Handler" daemon [_thread_blocked, id=4464, stack(0x02bd0000,0x02c20000)]

Other Threads:
=>0x02a9cc00 VMThread [stack: 0x02b80000,0x02bd0000] [id=4460]

VM state:at safepoint (shutting down)

VM Mutex/Monitor currently owned by a thread:  ([mutex/lock_event])
[0x002e4728/0x00003f10] Threads_lock - owner thread: 0x02a9cc00

Heap
 def new generation   total 960K, used 687K [0x229b0000, 0x22ab0000, 0x22e90000)
  eden space 896K,  73% used [0x229b0000, 0x22a54c90, 0x22a90000)
  from space 64K,  44% used [0x22aa0000, 0x22aa7100, 0x22ab0000)
  to   space 64K,   0% used [0x22a90000, 0x22a90000, 0x22aa0000)
 tenured generation   total 4096K, used 2337K [0x22e90000, 0x23290000, 0x269b0000)
   the space 4096K,  57% used [0x22e90000, 0x230d8780, 0x230d8800, 0x23290000)
 compacting perm gen  total 12288K, used 433K [0x269b0000, 0x275b0000, 0x2a9b0000)
   the space 12288K,   3% used [0x269b0000, 0x26a1c518, 0x26a1c600, 0x275b0000)
    ro space 8192K,  66% used [0x2a9b0000, 0x2af00dc8, 0x2af00e00, 0x2b1b0000)
    rw space 12288K,  52% used [0x2b1b0000, 0x2b8004b0, 0x2b800600, 0x2bdb0000)

Dynamic libraries:
0x00400000 - 0x00423000 	C:\Archivos de programa\Java\jdk1.6.0_05\bin\java.exe
0x7c910000 - 0x7c9c6000 	C:\WINDOWS\system32\ntdll.dll
0x7c800000 - 0x7c901000 	C:\WINDOWS\system32\kernel32.dll
0x77da0000 - 0x77e4c000 	C:\WINDOWS\system32\ADVAPI32.dll
0x77e50000 - 0x77ee1000 	C:\WINDOWS\system32\RPCRT4.dll
0x7c340000 - 0x7c396000 	C:\Archivos de programa\Java\jdk1.6.0_05\jre\bin\msvcr71.dll
0x6d870000 - 0x6dac0000 	C:\Archivos de programa\Java\jdk1.6.0_05\jre\bin\client\jvm.dll
0x77d10000 - 0x77da0000 	C:\WINDOWS\system32\USER32.dll
0x77ef0000 - 0x77f36000 	C:\WINDOWS\system32\GDI32.dll
0x76b00000 - 0x76b2e000 	C:\WINDOWS\system32\WINMM.dll
0x6d320000 - 0x6d328000 	C:\Archivos de programa\Java\jdk1.6.0_05\jre\bin\hpi.dll
0x76bb0000 - 0x76bbb000 	C:\WINDOWS\system32\PSAPI.DLL
0x6d820000 - 0x6d82c000 	C:\Archivos de programa\Java\jdk1.6.0_05\jre\bin\verify.dll
0x6d3c0000 - 0x6d3df000 	C:\Archivos de programa\Java\jdk1.6.0_05\jre\bin\java.dll
0x6d860000 - 0x6d86f000 	C:\Archivos de programa\Java\jdk1.6.0_05\jre\bin\zip.dll
0x6d0b0000 - 0x6d1de000 	C:\Archivos de programa\Java\jdk1.6.0_05\jre\bin\awt.dll
0x72f80000 - 0x72fa6000 	C:\WINDOWS\system32\WINSPOOL.DRV
0x77be0000 - 0x77c38000 	C:\WINDOWS\system32\msvcrt.dll
0x76340000 - 0x7635d000 	C:\WINDOWS\system32\IMM32.dll
0x774b0000 - 0x775ec000 	C:\WINDOWS\system32\ole32.dll
0x5b150000 - 0x5b188000 	C:\WINDOWS\system32\uxtheme.dll
0x736e0000 - 0x73729000 	C:\WINDOWS\system32\ddraw.dll
0x73b40000 - 0x73b46000 	C:\WINDOWS\system32\DCIMAN32.dll
0x746b0000 - 0x746fb000 	C:\WINDOWS\system32\MSCTF.dll
0x7c9d0000 - 0x7d1ee000 	C:\WINDOWS\system32\shell32.dll
0x77f40000 - 0x77fb6000 	C:\WINDOWS\system32\SHLWAPI.dll
0x773a0000 - 0x774a2000 	C:\WINDOWS\WinSxS\x86_Microsoft.Windows.Common-Controls_6595b64144ccf1df_6.0.2600.2180_x-ww_a84f1ff9\comctl32.dll
0x58c30000 - 0x58cc7000 	C:\WINDOWS\system32\comctl32.dll
0x6d2c0000 - 0x6d313000 	C:\Archivos de programa\Java\jdk1.6.0_05\jre\bin\fontmanager.dll
0x6d620000 - 0x6d633000 	C:\Archivos de programa\Java\jdk1.6.0_05\jre\bin\net.dll
0x71a30000 - 0x71a47000 	C:\WINDOWS\system32\WS2_32.dll
0x71a20000 - 0x71a28000 	C:\WINDOWS\system32\WS2HELP.dll
0x6d640000 - 0x6d649000 	C:\Archivos de programa\Java\jdk1.6.0_05\jre\bin\nio.dll
0x10000000 - 0x1000f000 	C:\Archivos de programa\Griaule\GrFinger 4.2\bin\GrFingerJava.dll
0x05170000 - 0x053d6000 	C:\ARCHIV~1\Griaule\GRFING~1.2\bin\grfinger.dll
0x03670000 - 0x03685000 	C:\ARCHIV~1\Griaule\GRFING~1.2\bin\pthreadVC2.dll
0x71a50000 - 0x71a5a000 	C:\WINDOWS\system32\WSOCK32.dll
0x76740000 - 0x76749000 	C:\WINDOWS\system32\SHFOLDER.dll
0x60a00000 - 0x60a09000 	C:\WINDOWS\system32\mslbui.dll
0x03850000 - 0x0385d000 	C:\ARCHIV~1\Griaule\GRFING~1.2\bin\CaptureSDK.dll
0x03870000 - 0x0387f000 	C:\WINDOWS\system32\libusb0.dll
0x74a70000 - 0x74a77000 	C:\WINDOWS\system32\cfgmgr32.dll
0x778f0000 - 0x779e7000 	C:\WINDOWS\system32\setupapi.dll
0x0ee30000 - 0x0ee41000 	C:\ARCHIV~1\Griaule\GRFING~1.2\bin\fplib.dll
0x77bd0000 - 0x77bd8000 	C:\WINDOWS\system32\VERSION.dll
0x0f080000 - 0x0f0ad000 	C:\ARCHIV~1\Griaule\GRFING~1.2\bin\extdllR.dll
0x0f1c0000 - 0x0f1fa000 	C:\ARCHIV~1\Griaule\GRFING~1.2\bin\vrfdllR.dll

VM Arguments:
jvm_args: -Dfile.encoding=UTF-8 
java_command: scu.Main
Launcher Type: SUN_STANDARD

Environment Variables:
CLASSPATH=C:\ARCHIV~1\Griaule\GRFING~1.2\bin\GRFING~2.JAR
PATH=C:\Inprise\vbroker\bin;C:\Archivos de programa\Borland\Delphi7\Bin;C:\Archivos de programa\Borland\Delphi7\Projects\Bpl;C:\WINDOWS\system32;C:\WINDOWS;C:\WINDOWS\System32\Wbem;C:\Archivos de programa\Microsoft SQL Server\100\DTS\Binn;C:\Archivos de programa\Microsoft SQL Server\100\Tools\Binn;C:\Archivos de programa\IVT Corporation\BlueSoleil\Mobile;C:\ARCHIV~1\Griaule\GRFING~1.2\bin;C:\Archivos de programa\Microsoft SQL Server\90\Tools\binn\;
USERNAME=silvina
OS=Windows_NT
PROCESSOR_IDENTIFIER=x86 Family 6 Model 14 Stepping 12, GenuineIntel



---------------  S Y S T E M  ---------------

OS: Windows XP Build 2600 Service Pack 2

CPU:total 2 (2 cores per cpu, 1 threads per core) family 6 model 14 stepping 12, cmov, cx8, fxsr, mmx, sse, sse2, sse3

Memory: 4k page, physical 1039724k(163992k free), swap 2501080k(1583456k free)

vm_info: Java HotSpot(TM) Client VM (10.0-b19) for windows-x86 JRE (1.6.0_05-b13), built on Feb 22 2008 01:16:53 by "java_re" with MS VC++ 7.1

time: Wed Aug 26 03:49:07 2009
elapsed time: 3 seconds

