#
# An unexpected error has been detected by Java Runtime Environment:
#
#  EXCEPTION_ACCESS_VIOLATION (0xc0000005) at pc=0x1525338f, pid=2288, tid=3788
#
# Java VM: Java HotSpot(TM) Client VM (10.0-b19 mixed mode windows-x86)
# Problematic frame:
# C  [grfinger.dll+0x338f]
#
# If you would like to submit a bug report, please visit:
#   http://java.sun.com/webapps/bugreport/crash.jsp
# The crash happened outside the Java Virtual Machine in native code.
# See problematic frame for where to report the bug.
#

---------------  T H R E A D  ---------------

Current thread (0x0aaf5c00):  JavaThread "JDWP Transport Listener: dt_shmem" daemon [_thread_in_native, id=3788, stack(0x0ad10000,0x0ad60000)]

siginfo: ExceptionCode=0xc0000005, reading address 0x0b87fd2c

Registers:
EAX=0x0ad5f8b8, EBX=0x00000001, ECX=0x0b87fd28, EDX=0x7c98cbee
ESP=0x0ad5f864, EBP=0x0ad5f8c8, ESI=0x0b87fd28, EDI=0x00000000
EIP=0x1525338f, EFLAGS=0x00010212

Top of Stack: (sp=0x0ad5f864)
0x0ad5f864:   0b87fd28 00000000 0b87fd28 0ad5f8b8
0x0ad5f874:   152fe218 ffffffff 15251a72 15251a60
0x0ad5f884:   0b83120a 00000000 0b831a07 0b832d07
0x0ad5f894:   0b830000 00000000 00000001 00000000
0x0ad5f8a4:   0ad5f8dc 001a3858 00000001 0ad5f8a0
0x0ad5f8b4:   0ad5f488 0ad5f95c 0b834024 0b8383b8
0x0ad5f8c4:   00000000 0ad5f8e8 7c9111a7 0b830000
0x0ad5f8d4:   00000000 00000001 001a3858 00000000 

Instructions: (pc=0x1525338f)
0x1525337f:   89 25 00 00 00 00 83 ec 08 56 8b f1 89 74 24 08
0x1525338f:   8b 4e 04 8b 01 3b c1 c7 44 24 14 00 00 00 00 89 


Stack: [0x0ad10000,0x0ad60000],  sp=0x0ad5f864,  free space=318k
Native frames: (J=compiled Java code, j=interpreted, Vv=VM code, C=native code)
C  [grfinger.dll+0x338f]
C  [ntdll.dll+0x11a7]
C  [ntdll.dll+0x23f31]
C  [kernel32.dll+0x1ca3e]
C  [kernel32.dll+0x1cab6]
C  [msvcr71.dll+0x8d04]
C  [msvcr71.dll+0x8d11]
C  [jdwp.dll+0xba30]
C  [jdwp.dll+0x17d53]
C  [msvcr71.dll+0x9565]
C  [kernel32.dll+0xb50b]


---------------  P R O C E S S  ---------------

Java Threads: ( => current thread )
  0x0b2c0c00 JavaThread "TimerQueue" daemon [_thread_blocked, id=5128, stack(0x17970000,0x179c0000)]
  0x0b0a0c00 JavaThread "MySQL Statement Cancellation Timer" daemon [_thread_blocked, id=4684, stack(0x0b6d0000,0x0b720000)]
  0x002e6c00 JavaThread "DestroyJavaVM" [_thread_blocked, id=2488, stack(0x008d0000,0x00920000)]
  0x0b450800 JavaThread "Thread-2" [_thread_blocked, id=4300, stack(0x16d50000,0x16da0000)]
  0x0b3fa800 JavaThread "AWT-EventQueue-0" [_thread_blocked, id=4296, stack(0x0b7e0000,0x0b830000)]
  0x0b3f9800 JavaThread "AWT-Shutdown" [_thread_blocked, id=4292, stack(0x0b790000,0x0b7e0000)]
  0x0afde400 JavaThread "AWT-Windows" daemon [_thread_in_native, id=3992, stack(0x0b1f0000,0x0b240000)]
  0x0afdc000 JavaThread "Java2D Disposer" daemon [_thread_blocked, id=3692, stack(0x0b150000,0x0b1a0000)]
  0x0ab0f800 JavaThread "Low Memory Detector" daemon [_thread_blocked, id=3328, stack(0x0ae50000,0x0aea0000)]
  0x0ab04800 JavaThread "CompilerThread0" daemon [_thread_blocked, id=3312, stack(0x0ae00000,0x0ae50000)]
  0x0aaf8000 JavaThread "JDWP Event Helper Thread" daemon [_thread_blocked, id=960, stack(0x0ad60000,0x0adb0000)]
=>0x0aaf5c00 JavaThread "JDWP Transport Listener: dt_shmem" daemon [_thread_in_native, id=3788, stack(0x0ad10000,0x0ad60000)]
  0x0aaea800 JavaThread "Attach Listener" daemon [_thread_blocked, id=4048, stack(0x0aca0000,0x0acf0000)]
  0x0aae9c00 JavaThread "Signal Dispatcher" daemon [_thread_blocked, id=3536, stack(0x0ac50000,0x0aca0000)]
  0x0aada000 JavaThread "Finalizer" daemon [_thread_blocked, id=2500, stack(0x0ac00000,0x0ac50000)]
  0x0aad5c00 JavaThread "Reference Handler" daemon [_thread_blocked, id=3164, stack(0x0abb0000,0x0ac00000)]

Other Threads:
  0x0aad2800 VMThread [stack: 0x0ab60000,0x0abb0000] [id=1948]
  0x0ab10c00 WatcherThread [stack: 0x0aea0000,0x0aef0000] [id=2256]

VM state:not at safepoint (normal execution)

VM Mutex/Monitor currently owned by a thread: None

Heap
 def new generation   total 1024K, used 1020K [0x029c0000, 0x02ad0000, 0x02ea0000)
  eden space 960K,  99% used [0x029c0000, 0x02aaf3e8, 0x02ab0000)
  from space 64K, 100% used [0x02ac0000, 0x02ad0000, 0x02ad0000)
  to   space 64K,   0% used [0x02ab0000, 0x02ab0000, 0x02ac0000)
 tenured generation   total 12448K, used 10193K [0x02ea0000, 0x03ac8000, 0x069c0000)
   the space 12448K,  81% used [0x02ea0000, 0x03894458, 0x03894600, 0x03ac8000)
 compacting perm gen  total 19200K, used 19171K [0x069c0000, 0x07c80000, 0x0a9c0000)
   the space 19200K,  99% used [0x069c0000, 0x07c78d80, 0x07c78e00, 0x07c80000)
No shared spaces configured.

Dynamic libraries:
0x00400000 - 0x00423000 	C:\Archivos de programa\Java\jdk1.6.0_05\bin\java.exe
0x7c910000 - 0x7c9c6000 	C:\WINDOWS\system32\ntdll.dll
0x7c800000 - 0x7c901000 	C:\WINDOWS\system32\kernel32.dll
0x77da0000 - 0x77e4c000 	C:\WINDOWS\system32\ADVAPI32.dll
0x77e50000 - 0x77ee1000 	C:\WINDOWS\system32\RPCRT4.dll
0x7c340000 - 0x7c396000 	C:\Archivos de programa\Java\jdk1.6.0_05\jre\bin\msvcr71.dll
0x6d870000 - 0x6dac0000 	C:\Archivos de programa\Java\jdk1.6.0_05\jre\bin\client\jvm.dll
0x77d10000 - 0x77da0000 	C:\WINDOWS\system32\USER32.dll
0x77ef0000 - 0x77f36000 	C:\WINDOWS\system32\GDI32.dll
0x76b00000 - 0x76b2e000 	C:\WINDOWS\system32\WINMM.dll
0x6d320000 - 0x6d328000 	C:\Archivos de programa\Java\jdk1.6.0_05\jre\bin\hpi.dll
0x76bb0000 - 0x76bbb000 	C:\WINDOWS\system32\PSAPI.DLL
0x6d410000 - 0x6d439000 	C:\Archivos de programa\Java\jdk1.6.0_05\jre\bin\jdwp.dll
0x6d770000 - 0x6d776000 	C:\Archivos de programa\Java\jdk1.6.0_05\jre\bin\npt.dll
0x6d820000 - 0x6d82c000 	C:\Archivos de programa\Java\jdk1.6.0_05\jre\bin\verify.dll
0x6d3c0000 - 0x6d3df000 	C:\Archivos de programa\Java\jdk1.6.0_05\jre\bin\java.dll
0x6d860000 - 0x6d86f000 	C:\Archivos de programa\Java\jdk1.6.0_05\jre\bin\zip.dll
0x6d280000 - 0x6d288000 	C:\Archivos de programa\Java\jdk1.6.0_05\jre\bin\dt_shmem.dll
0x6d0b0000 - 0x6d1de000 	C:\Archivos de programa\Java\jdk1.6.0_05\jre\bin\awt.dll
0x72f80000 - 0x72fa6000 	C:\WINDOWS\system32\WINSPOOL.DRV
0x77be0000 - 0x77c38000 	C:\WINDOWS\system32\msvcrt.dll
0x76340000 - 0x7635d000 	C:\WINDOWS\system32\IMM32.dll
0x774b0000 - 0x775ec000 	C:\WINDOWS\system32\ole32.dll
0x5b150000 - 0x5b188000 	C:\WINDOWS\system32\uxtheme.dll
0x736e0000 - 0x73729000 	C:\WINDOWS\system32\ddraw.dll
0x73b40000 - 0x73b46000 	C:\WINDOWS\system32\DCIMAN32.dll
0x746b0000 - 0x746fb000 	C:\WINDOWS\system32\MSCTF.dll
0x7c9d0000 - 0x7d1ee000 	C:\WINDOWS\system32\shell32.dll
0x77f40000 - 0x77fb6000 	C:\WINDOWS\system32\SHLWAPI.dll
0x773a0000 - 0x774a2000 	C:\WINDOWS\WinSxS\x86_Microsoft.Windows.Common-Controls_6595b64144ccf1df_6.0.2600.2180_x-ww_a84f1ff9\comctl32.dll
0x58c30000 - 0x58cc7000 	C:\WINDOWS\system32\comctl32.dll
0x6d2c0000 - 0x6d313000 	C:\Archivos de programa\Java\jdk1.6.0_05\jre\bin\fontmanager.dll
0x6d620000 - 0x6d633000 	C:\Archivos de programa\Java\jdk1.6.0_05\jre\bin\net.dll
0x71a30000 - 0x71a47000 	C:\WINDOWS\system32\WS2_32.dll
0x71a20000 - 0x71a28000 	C:\WINDOWS\system32\WS2HELP.dll
0x6d640000 - 0x6d649000 	C:\Archivos de programa\Java\jdk1.6.0_05\jre\bin\nio.dll
0x0b830000 - 0x0b83f000 	C:\Archivos de programa\Griaule\GrFinger 4.2\bin\GrFingerJava.dll
0x15250000 - 0x154b6000 	C:\ARCHIV~1\Griaule\GRFING~1.2\bin\grfinger.dll
0x0b850000 - 0x0b865000 	C:\ARCHIV~1\Griaule\GRFING~1.2\bin\pthreadVC2.dll
0x71a50000 - 0x71a5a000 	C:\WINDOWS\system32\WSOCK32.dll
0x76740000 - 0x76749000 	C:\WINDOWS\system32\SHFOLDER.dll
0x0b980000 - 0x0b98d000 	C:\ARCHIV~1\Griaule\GRFING~1.2\bin\CaptureSDK.dll
0x0b9a0000 - 0x0b9af000 	C:\WINDOWS\system32\libusb0.dll
0x74a70000 - 0x74a77000 	C:\WINDOWS\system32\cfgmgr32.dll
0x778f0000 - 0x779e7000 	C:\WINDOWS\system32\setupapi.dll
0x16f60000 - 0x16f71000 	C:\ARCHIV~1\Griaule\GRFING~1.2\bin\fplib.dll
0x77bd0000 - 0x77bd8000 	C:\WINDOWS\system32\VERSION.dll
0x16fe0000 - 0x1700d000 	C:\ARCHIV~1\Griaule\GRFING~1.2\bin\extdllR.dll
0x17120000 - 0x1715a000 	C:\ARCHIV~1\Griaule\GRFING~1.2\bin\vrfdllR.dll
0x60a00000 - 0x60a09000 	C:\WINDOWS\system32\mslbui.dll
0x719d0000 - 0x71a10000 	C:\WINDOWS\System32\mswsock.dll
0x76ee0000 - 0x76f07000 	C:\WINDOWS\system32\DNSAPI.dll
0x76f70000 - 0x76f78000 	C:\WINDOWS\System32\winrnr.dll
0x76f20000 - 0x76f4d000 	C:\WINDOWS\system32\WLDAP32.dll
0x76f80000 - 0x76f86000 	C:\WINDOWS\system32\rasadhlp.dll
0x20b00000 - 0x20b4b000 	C:\WINDOWS\system32\imon.dll
0x20c00000 - 0x20c0d000 	C:\Archivos de programa\Eset\pr_imon.dll
0x66740000 - 0x66799000 	C:\WINDOWS\system32\hnetcfg.dll
0x71a10000 - 0x71a18000 	C:\WINDOWS\System32\wshtcpip.dll

VM Arguments:
jvm_args: -Xdebug -Xrunjdwp:transport=dt_shmem,address=javadebug -Dfile.encoding=UTF-8 
java_command: scu.Main
Launcher Type: SUN_STANDARD

Environment Variables:
CLASSPATH=C:\ARCHIV~1\Griaule\GRFING~1.2\bin\GRFING~2.JAR
PATH=C:\Inprise\vbroker\bin;C:\Archivos de programa\Borland\Delphi7\Bin;C:\Archivos de programa\Borland\Delphi7\Projects\Bpl;C:\WINDOWS\system32;C:\WINDOWS;C:\WINDOWS\System32\Wbem;C:\Archivos de programa\Microsoft SQL Server\100\DTS\Binn;C:\Archivos de programa\Microsoft SQL Server\100\Tools\Binn;C:\Archivos de programa\IVT Corporation\BlueSoleil\Mobile;C:\ARCHIV~1\Griaule\GRFING~1.2\bin;C:\Archivos de programa\Microsoft SQL Server\90\Tools\binn\;
USERNAME=silvina
OS=Windows_NT
PROCESSOR_IDENTIFIER=x86 Family 6 Model 14 Stepping 12, GenuineIntel



---------------  S Y S T E M  ---------------

OS: Windows XP Build 2600 Service Pack 2

CPU:total 2 (2 cores per cpu, 1 threads per core) family 6 model 14 stepping 12, cmov, cx8, fxsr, mmx, sse, sse2, sse3

Memory: 4k page, physical 1039724k(256260k free), swap 2501080k(1576332k free)

vm_info: Java HotSpot(TM) Client VM (10.0-b19) for windows-x86 JRE (1.6.0_05-b13), built on Feb 22 2008 01:16:53 by "java_re" with MS VC++ 7.1

time: Thu Aug 27 02:26:27 2009
elapsed time: 203 seconds

